2020-06-02 21:32:53.686782, [ERROR] Module not found Error when trying to load simulation class from external file. Only use relative paths and do not rename the class inside the generated class! Error Message: No module named 'simulation_models'
2020-06-02 21:32:53.690785, [ERROR] No scenarios found for scenario managers "smTemp" and scenarios ""
2020-06-02 21:32:53.692284, [ERROR] No scenario found for scenario_managers=['smTemp'] and scenario_names=[]. Cancelling
2020-06-02 21:32:53.693782, [ERROR] Scenario "UserInput" not found in any scenario manager!
2020-06-02 21:37:41.046788, [ERROR] Module not found Error when trying to load simulation class from external file. Only use relative paths and do not rename the class inside the generated class! Error Message: No module named 'simulation_models'
2020-06-02 21:37:41.051286, [ERROR] No scenarios found for scenario managers "smTemp" and scenarios ""
2020-06-02 21:37:41.052790, [ERROR] No scenario found for scenario_managers=['smTemp'] and scenario_names=[]. Cancelling
2020-06-02 21:37:41.058288, [ERROR] Scenario "UserInput" not found in any scenario manager!
2020-06-02 21:40:02.959026, [ERROR] Module not found Error when trying to load simulation class from external file. Only use relative paths and do not rename the class inside the generated class! Error Message: the 'package' argument is required to perform a relative import for '...static.slb.labor.simulation_models'
2020-06-02 21:40:02.964528, [ERROR] No scenarios found for scenario managers "smTemp" and scenarios ""
2020-06-02 21:40:02.966525, [ERROR] No scenario found for scenario_managers=['smTemp'] and scenario_names=[]. Cancelling
2020-06-02 21:40:02.967530, [ERROR] Scenario "UserInput" not found in any scenario manager!
2020-06-02 21:43:57.650411, [ERROR] Module not found Error when trying to load simulation class from external file. Only use relative paths and do not rename the class inside the generated class! Error Message: the 'package' argument is required to perform a relative import for '...static.slb.labor.simulation_models'
2020-06-02 21:43:57.655908, [ERROR] No scenarios found for scenario managers "smTemp" and scenarios ""
2020-06-02 21:43:57.664910, [ERROR] No scenario found for scenario_managers=['smTemp'] and scenario_names=[]. Cancelling
2020-06-02 21:43:57.666909, [ERROR] Scenario "UserInput" not found in any scenario manager!
2020-06-02 21:48:13.417287, [ERROR] Module not found Error when trying to load simulation class from external file. Only use relative paths and do not rename the class inside the generated class! Error Message: the 'package' argument is required to perform a relative import for '.static.slb.labor.simulation_models'
2020-06-02 21:48:13.419287, [ERROR] No scenarios found for scenario managers "smTemp" and scenarios ""
2020-06-02 21:48:13.425288, [ERROR] No scenario found for scenario_managers=['smTemp'] and scenario_names=[]. Cancelling
2020-06-02 21:48:13.427287, [ERROR] Scenario "UserInput" not found in any scenario manager!
2020-06-02 21:50:07.714565, [ERROR] Module not found Error when trying to load simulation class from external file. Only use relative paths and do not rename the class inside the generated class! Error Message: the 'package' argument is required to perform a relative import for '.slb.labor.simulation_models'
2020-06-02 21:50:07.726566, [ERROR] No scenarios found for scenario managers "smTemp" and scenarios ""
2020-06-02 21:50:07.728064, [ERROR] No scenario found for scenario_managers=['smTemp'] and scenario_names=[]. Cancelling
2020-06-02 21:50:07.739564, [ERROR] Scenario "UserInput" not found in any scenario manager!
2020-06-02 21:53:17.922122, [WARN] The scenario manager already exists. Will not change the model. Use another name to avoid surprising errors!
2020-06-02 21:54:43.296166, [WARN] The scenario manager already exists. Will not change the model. Use another name to avoid surprising errors!
2020-06-02 21:54:43.399663, [WARN] The scenario manager already exists. Will not change the model. Use another name to avoid surprising errors!
2020-06-02 22:30:48.524430, [WARN] The scenario manager already exists. Will not change the model. Use another name to avoid surprising errors!
2020-06-02 22:30:58.817435, [WARN] The scenario manager already exists. Will not change the model. Use another name to avoid surprising errors!
2020-06-02 22:30:58.926435, [WARN] The scenario manager already exists. Will not change the model. Use another name to avoid surprising errors!
2020-06-02 22:33:02.046634, [WARN] The scenario manager already exists. Will not change the model. Use another name to avoid surprising errors!
2020-06-02 22:33:02.162134, [WARN] The scenario manager already exists. Will not change the model. Use another name to avoid surprising errors!
2020-06-02 22:47:39.950943, [WARN] The scenario manager already exists. Will not change the model. Use another name to avoid surprising errors!
2020-06-02 22:50:07.496359, [WARN] The scenario manager already exists. Will not change the model. Use another name to avoid surprising errors!
2020-06-02 22:50:46.887910, [WARN] The scenario manager already exists. Will not change the model. Use another name to avoid surprising errors!
2020-06-02 23:01:38.006428, [WARN] The scenario manager already exists. Will not change the model. Use another name to avoid surprising errors!
2020-06-02 23:05:41.186660, [WARN] The scenario manager already exists. Will not change the model. Use another name to avoid surprising errors!
2020-06-02 23:07:08.820068, [WARN] The scenario manager already exists. Will not change the model. Use another name to avoid surprising errors!
2020-06-02 23:10:00.370260, [WARN] The scenario manager already exists. Will not change the model. Use another name to avoid surprising errors!
2020-06-02 23:13:21.547379, [WARN] The scenario manager already exists. Will not change the model. Use another name to avoid surprising errors!
2020-06-02 23:16:00.937009, [WARN] The scenario manager already exists. Will not change the model. Use another name to avoid surprising errors!
2020-06-02 23:16:01.175012, [WARN] The scenario manager already exists. Will not change the model. Use another name to avoid surprising errors!
2020-06-02 23:18:01.611734, [WARN] The scenario manager already exists. Will not change the model. Use another name to avoid surprising errors!
2020-06-02 23:18:44.984293, [WARN] The scenario manager already exists. Will not change the model. Use another name to avoid surprising errors!
2020-06-03 02:36:34.678366, [WARN] The scenario manager already exists. Will not change the model. Use another name to avoid surprising errors!
2020-06-03 02:44:47.468144, [WARN] The scenario manager already exists. Will not change the model. Use another name to avoid surprising errors!
2020-06-03 03:10:38.801774, [WARN] The scenario manager already exists. Will not change the model. Use another name to avoid surprising errors!
2020-06-03 03:17:43.531441, [WARN] The scenario manager already exists. Will not change the model. Use another name to avoid surprising errors!
2020-06-03 03:23:09.101737, [WARN] The scenario manager already exists. Will not change the model. Use another name to avoid surprising errors!
2020-06-03 03:24:12.392211, [WARN] The scenario manager already exists. Will not change the model. Use another name to avoid surprising errors!
2020-06-03 03:30:25.958486, [ERROR] Scenario manager "smTemp" not found!
2020-06-03 03:30:25.964486, [ERROR] Scenario "UserInput" not found in any scenario manager!
2020-06-03 03:30:25.970984, [WARN] No output data produced. Hopefully this was your intention.
2020-06-03 03:30:25.974982, [ERROR] Module not found Error when trying to load simulation class from external file. Only use relative paths and do not rename the class inside the generated class! Error Message: No module named 'static.slb.electrcity'
2020-06-03 03:30:25.976482, [ERROR] No scenarios found for scenario managers "smTemp" and scenarios ""
2020-06-03 03:30:25.977484, [ERROR] No scenario found for scenario_managers=['smTemp'] and scenario_names=[]. Cancelling
2020-06-03 03:30:25.978484, [ERROR] Scenario "UserInput" not found in any scenario manager!
2020-06-03 03:31:50.693812, [ERROR] Scenario manager "smTemp" not found!
2020-06-03 03:31:50.698312, [ERROR] Scenario "UserInput" not found in any scenario manager!
2020-06-03 03:31:50.699808, [WARN] No output data produced. Hopefully this was your intention.
2020-06-03 03:36:42.929560, [ERROR] Scenario manager "smTemp" not found!
2020-06-03 03:36:42.935567, [ERROR] Scenario "UserInput" not found in any scenario manager!
2020-06-03 03:36:42.937065, [WARN] No output data produced. Hopefully this was your intention.
2020-06-03 03:36:42.938065, [ERROR] Scenario manager "smTemp" not found!
2020-06-03 03:36:42.944062, [ERROR] Scenario "UserInput" not found in any scenario manager!
2020-06-03 03:36:42.945562, [WARN] No output data produced. Hopefully this was your intention.
2020-06-03 03:40:21.720540, [WARN] The scenario manager already exists. Will not change the model. Use another name to avoid surprising errors!
2020-06-03 03:43:48.366382, [WARN] The scenario manager already exists. Will not change the model. Use another name to avoid surprising errors!
2020-06-03 03:48:27.314808, [WARN] The scenario manager already exists. Will not change the model. Use another name to avoid surprising errors!
2020-06-03 03:53:29.014289, [WARN] The scenario manager already exists. Will not change the model. Use another name to avoid surprising errors!
2020-06-03 03:57:04.194387, [WARN] The scenario manager already exists. Will not change the model. Use another name to avoid surprising errors!
2020-06-16 07:21:26.778498, [WARN] The scenario manager already exists. Will not change the model. Use another name to avoid surprising errors!
2020-06-16 07:22:13.034120, [WARN] The scenario manager already exists. Will not change the model. Use another name to avoid surprising errors!
2020-06-16 07:23:05.804152, [WARN] The scenario manager already exists. Will not change the model. Use another name to avoid surprising errors!
2020-06-16 07:34:36.201306, [WARN] The scenario manager already exists. Will not change the model. Use another name to avoid surprising errors!
2020-06-19 03:00:18.901769, [WARN] Unable to simulate equation "recyclingValue". Doesn't seem like it's part of the model.
2020-06-19 03:00:18.943769, [ERROR] No simulation model containing equation "recyclingValue". Did you maybe mean one of "eolRecyclingValue, recycledeolb, totalEolValue"?
2020-06-19 03:02:28.975967, [WARN] The scenario manager already exists. Will not change the model. Use another name to avoid surprising errors!
2020-06-19 03:02:28.979464, [WARN] Unable to simulate equation "recyclingValue". Doesn't seem like it's part of the model.
2020-06-19 03:02:29.026463, [ERROR] No simulation model containing equation "recyclingValue". Did you maybe mean one of "eolRecyclingValue, recycledeolb, totalEolValue"?
2020-06-19 03:03:23.974005, [WARN] The scenario manager already exists. Will not change the model. Use another name to avoid surprising errors!
2020-06-19 03:03:23.978508, [WARN] Unable to simulate equation "recyclingValue". Doesn't seem like it's part of the model.
2020-06-19 03:03:24.026512, [ERROR] No simulation model containing equation "recyclingValue". Did you maybe mean one of "eolRecyclingValue, recycledeolb, totalEolValue"?
2020-06-23 13:45:34.643623, [WARN] Unable to simulate equation "recyclingValue". Doesn't seem like it's part of the model.
2020-06-23 13:45:34.689621, [ERROR] No simulation model containing equation "recyclingValue". Did you maybe mean one of "eolRecyclingValue, recycledeolb, totalEolValue"?
2020-06-27 16:59:06.031182, [WARN] Unable to simulate equation "recyclingValue". Doesn't seem like it's part of the model.
2020-06-27 16:59:06.077678, [ERROR] No simulation model containing equation "recyclingValue". Did you maybe mean one of "eolRecyclingValue, recycledeolb, totalEolValue"?
2020-06-27 17:05:24.987686, [WARN] Unable to simulate equation "recyclingValue". Doesn't seem like it's part of the model.
2020-06-27 17:05:25.035684, [ERROR] No simulation model containing equation "recyclingValue". Did you maybe mean one of "eolRecyclingValue, recycledeolb, totalEolValue"?
2020-06-27 17:22:39.326985, [WARN] Unable to simulate equation "recyclingValue". Doesn't seem like it's part of the model.
2020-06-27 17:22:39.379485, [ERROR] No simulation model containing equation "recyclingValue". Did you maybe mean one of "eolRecyclingValue, recycledeolb, totalEolValue"?
2020-06-27 17:31:52.233003, [WARN] Unable to simulate equation "recyclingValue". Doesn't seem like it's part of the model.
2020-06-27 17:31:52.279003, [ERROR] No simulation model containing equation "recyclingValue". Did you maybe mean one of "eolRecyclingValue, recycledeolb, totalEolValue"?
2020-06-27 17:45:51.991192, [WARN] Unable to simulate equation "recyclingValue". Doesn't seem like it's part of the model.
2020-06-27 17:45:52.041189, [ERROR] No simulation model containing equation "recyclingValue". Did you maybe mean one of "eolRecyclingValue, recycledeolb, totalEolValue"?
2020-06-27 22:05:07.370866, [WARN] Unable to simulate equation "recyclingValue". Doesn't seem like it's part of the model.
2020-06-27 22:05:07.416366, [ERROR] No simulation model containing equation "recyclingValue". Did you maybe mean one of "eolRecyclingValue, recycledeolb, totalEolValue"?
2020-06-27 22:10:14.157828, [WARN] Unable to simulate equation "recyclingValue". Doesn't seem like it's part of the model.
2020-06-27 22:10:14.205827, [ERROR] No simulation model containing equation "recyclingValue". Did you maybe mean one of "eolRecyclingValue, recycledeolb, totalEolValue"?
2020-06-27 22:19:41.931322, [WARN] Unable to simulate equation "recyclingValue". Doesn't seem like it's part of the model.
2020-06-27 22:19:41.980822, [ERROR] No simulation model containing equation "recyclingValue". Did you maybe mean one of "eolRecyclingValue, recycledeolb, totalEolValue"?
2020-06-27 22:36:05.140120, [WARN] Unable to simulate equation "recyclingValue". Doesn't seem like it's part of the model.
2020-06-27 22:36:05.183620, [ERROR] No simulation model containing equation "recyclingValue". Did you maybe mean one of "eolRecyclingValue, recycledeolb, totalEolValue"?
2020-06-27 22:45:52.154759, [WARN] Unable to simulate equation "recyclingValue". Doesn't seem like it's part of the model.
2020-06-27 22:45:52.218259, [ERROR] No simulation model containing equation "recyclingValue". Did you maybe mean one of "eolRecyclingValue, recycledeolb, totalEolValue"?
2020-06-27 22:49:41.290284, [WARN] Unable to simulate equation "recyclingValue". Doesn't seem like it's part of the model.
2020-06-27 22:49:41.349783, [ERROR] No simulation model containing equation "recyclingValue". Did you maybe mean one of "eolRecyclingValue, recycledeolb, totalEolValue"?
2020-06-27 22:56:57.156298, [WARN] Unable to simulate equation "recyclingValue". Doesn't seem like it's part of the model.
2020-06-27 22:56:57.206298, [ERROR] No simulation model containing equation "recyclingValue". Did you maybe mean one of "eolRecyclingValue, recycledeolb, totalEolValue"?
2020-06-27 22:59:52.764629, [WARN] Unable to simulate equation "recyclingValue". Doesn't seem like it's part of the model.
2020-06-27 22:59:52.808628, [ERROR] No simulation model containing equation "recyclingValue". Did you maybe mean one of "eolRecyclingValue, recycledeolb, totalEolValue"?
2020-06-27 23:03:09.526059, [WARN] Unable to simulate equation "recyclingValue". Doesn't seem like it's part of the model.
2020-06-27 23:03:09.586056, [ERROR] No simulation model containing equation "recyclingValue". Did you maybe mean one of "eolRecyclingValue, recycledeolb, totalEolValue"?
2020-06-27 23:07:27.768572, [WARN] Unable to simulate equation "recyclingValue". Doesn't seem like it's part of the model.
2020-06-27 23:07:27.818572, [ERROR] No simulation model containing equation "recyclingValue". Did you maybe mean one of "eolRecyclingValue, recycledeolb, totalEolValue"?
2020-06-27 23:09:45.805051, [WARN] Unable to simulate equation "recyclingValue". Doesn't seem like it's part of the model.
2020-06-27 23:09:45.854550, [ERROR] No simulation model containing equation "recyclingValue". Did you maybe mean one of "eolRecyclingValue, recycledeolb, totalEolValue"?
2020-06-27 23:13:06.678146, [WARN] Unable to simulate equation "recyclingValue". Doesn't seem like it's part of the model.
2020-06-27 23:13:06.729638, [ERROR] No simulation model containing equation "recyclingValue". Did you maybe mean one of "eolRecyclingValue, recycledeolb, totalEolValue"?
2020-06-27 23:14:34.656806, [WARN] Unable to simulate equation "recyclingValue". Doesn't seem like it's part of the model.
2020-06-27 23:14:34.702305, [ERROR] No simulation model containing equation "recyclingValue". Did you maybe mean one of "eolRecyclingValue, recycledeolb, totalEolValue"?
2020-06-27 23:17:16.231266, [WARN] Unable to simulate equation "recyclingValue". Doesn't seem like it's part of the model.
2020-06-27 23:17:16.280763, [ERROR] No simulation model containing equation "recyclingValue". Did you maybe mean one of "eolRecyclingValue, recycledeolb, totalEolValue"?
2020-06-27 23:23:36.195841, [WARN] Unable to simulate equation "recyclingValue". Doesn't seem like it's part of the model.
2020-06-27 23:23:36.242839, [ERROR] No simulation model containing equation "recyclingValue". Did you maybe mean one of "eolRecyclingValue, recycledeolb, totalEolValue"?
2020-06-27 23:25:32.037118, [WARN] Unable to simulate equation "recyclingValue". Doesn't seem like it's part of the model.
2020-06-27 23:25:32.086619, [ERROR] No simulation model containing equation "recyclingValue". Did you maybe mean one of "eolRecyclingValue, recycledeolb, totalEolValue"?
2020-06-27 23:26:55.678856, [WARN] Unable to simulate equation "recyclingValue". Doesn't seem like it's part of the model.
2020-06-27 23:26:55.726853, [ERROR] No simulation model containing equation "recyclingValue". Did you maybe mean one of "eolRecyclingValue, recycledeolb, totalEolValue"?
2020-06-27 23:41:28.873108, [WARN] Unable to simulate equation "recyclingValue". Doesn't seem like it's part of the model.
2020-06-27 23:41:28.923101, [ERROR] No simulation model containing equation "recyclingValue". Did you maybe mean one of "eolRecyclingValue, recycledeolb, totalEolValue"?
2020-06-27 23:43:11.264871, [WARN] The scenario manager already exists. Will not change the model. Use another name to avoid surprising errors!
2020-06-27 23:43:11.268870, [WARN] Unable to simulate equation "recyclingValue". Doesn't seem like it's part of the model.
2020-06-27 23:43:11.316870, [ERROR] No simulation model containing equation "recyclingValue". Did you maybe mean one of "eolRecyclingValue, recycledeolb, totalEolValue"?
2020-06-27 23:45:11.475537, [WARN] Unable to simulate equation "recyclingValue". Doesn't seem like it's part of the model.
2020-06-27 23:45:11.523534, [ERROR] No simulation model containing equation "recyclingValue". Did you maybe mean one of "eolRecyclingValue, recycledeolb, totalEolValue"?
2020-06-28 15:05:54.481073, [WARN] Unable to simulate equation "recyclingValue". Doesn't seem like it's part of the model.
2020-06-28 15:05:54.530072, [ERROR] No simulation model containing equation "recyclingValue". Did you maybe mean one of "eolRecyclingValue, recycledeolb, totalEolValue"?
2020-06-28 15:51:18.348375, [WARN] Unable to simulate equation "recyclingValue". Doesn't seem like it's part of the model.
2020-06-28 15:51:18.389876, [ERROR] No simulation model containing equation "recyclingValue". Did you maybe mean one of "eolRecyclingValue, recycledeolb, totalEolValue"?
2020-06-28 17:24:02.194898, [WARN] Unable to simulate equation "recyclingValue". Doesn't seem like it's part of the model.
2020-06-28 17:24:02.239397, [ERROR] No simulation model containing equation "recyclingValue". Did you maybe mean one of "eolRecyclingValue, recycledeolb, totalEolValue"?
2020-06-28 17:27:08.296265, [WARN] The scenario manager already exists. Will not change the model. Use another name to avoid surprising errors!
2020-06-28 17:27:08.300265, [WARN] Unable to simulate equation "recyclingValue". Doesn't seem like it's part of the model.
2020-06-28 17:27:08.346763, [ERROR] No simulation model containing equation "recyclingValue". Did you maybe mean one of "eolRecyclingValue, recycledeolb, totalEolValue"?
2020-06-28 17:32:03.347307, [WARN] The scenario manager already exists. Will not change the model. Use another name to avoid surprising errors!
2020-06-28 17:32:03.350805, [WARN] Unable to simulate equation "recyclingValue". Doesn't seem like it's part of the model.
2020-06-28 17:32:03.398304, [ERROR] No simulation model containing equation "recyclingValue". Did you maybe mean one of "eolRecyclingValue, recycledeolb, totalEolValue"?
2020-06-28 17:35:46.247355, [WARN] Unable to simulate equation "recyclingValue". Doesn't seem like it's part of the model.
2020-06-28 17:35:46.293858, [ERROR] No simulation model containing equation "recyclingValue". Did you maybe mean one of "eolRecyclingValue, recycledeolb, totalEolValue"?
2020-06-28 18:06:55.047924, [WARN] Unable to simulate equation "recyclingValue". Doesn't seem like it's part of the model.
2020-06-28 18:06:55.093924, [ERROR] No simulation model containing equation "recyclingValue". Did you maybe mean one of "eolRecyclingValue, recycledeolb, totalEolValue"?
2020-06-28 18:08:46.225148, [WARN] Unable to simulate equation "recyclingValue". Doesn't seem like it's part of the model.
2020-06-28 18:08:46.272148, [ERROR] No simulation model containing equation "recyclingValue". Did you maybe mean one of "eolRecyclingValue, recycledeolb, totalEolValue"?
2020-06-28 18:10:55.025776, [WARN] Unable to simulate equation "recyclingValue". Doesn't seem like it's part of the model.
2020-06-28 18:10:55.073275, [ERROR] No simulation model containing equation "recyclingValue". Did you maybe mean one of "eolRecyclingValue, recycledeolb, totalEolValue"?
2020-06-28 18:12:35.450581, [WARN] Unable to simulate equation "recyclingValue". Doesn't seem like it's part of the model.
2020-06-28 18:12:35.499579, [ERROR] No simulation model containing equation "recyclingValue". Did you maybe mean one of "eolRecyclingValue, recycledeolb, totalEolValue"?
2020-06-28 18:14:12.311553, [WARN] Unable to simulate equation "recyclingValue". Doesn't seem like it's part of the model.
2020-06-28 18:14:12.359052, [ERROR] No simulation model containing equation "recyclingValue". Did you maybe mean one of "eolRecyclingValue, recycledeolb, totalEolValue"?
2020-06-28 18:20:34.183316, [WARN] Unable to simulate equation "recyclingValue". Doesn't seem like it's part of the model.
2020-06-28 18:20:34.229315, [ERROR] No simulation model containing equation "recyclingValue". Did you maybe mean one of "eolRecyclingValue, recycledeolb, totalEolValue"?
2020-06-28 18:22:59.777380, [WARN] Unable to simulate equation "recyclingValue". Doesn't seem like it's part of the model.
2020-06-28 18:22:59.827381, [ERROR] No simulation model containing equation "recyclingValue". Did you maybe mean one of "eolRecyclingValue, recycledeolb, totalEolValue"?
2020-06-28 18:43:04.188624, [WARN] Unable to simulate equation "recyclingValue". Doesn't seem like it's part of the model.
2020-06-28 18:43:04.237624, [ERROR] No simulation model containing equation "recyclingValue". Did you maybe mean one of "eolRecyclingValue, recycledeolb, totalEolValue"?
2020-06-28 18:51:44.850400, [WARN] Unable to simulate equation "recyclingValue". Doesn't seem like it's part of the model.
2020-06-28 18:51:44.894400, [ERROR] No simulation model containing equation "recyclingValue". Did you maybe mean one of "eolRecyclingValue, recycledeolb, totalEolValue"?
2020-06-28 19:00:24.969569, [WARN] Unable to simulate equation "recyclingValue". Doesn't seem like it's part of the model.
2020-06-28 19:00:25.018066, [ERROR] No simulation model containing equation "recyclingValue". Did you maybe mean one of "eolRecyclingValue, recycledeolb, totalEolValue"?
2020-06-28 19:02:03.350298, [WARN] The scenario manager already exists. Will not change the model. Use another name to avoid surprising errors!
2020-06-28 19:02:03.354299, [WARN] Unable to simulate equation "recyclingValue". Doesn't seem like it's part of the model.
2020-06-28 19:02:03.403297, [ERROR] No simulation model containing equation "recyclingValue". Did you maybe mean one of "eolRecyclingValue, recycledeolb, totalEolValue"?
2020-06-28 19:03:21.271026, [WARN] The scenario manager already exists. Will not change the model. Use another name to avoid surprising errors!
2020-06-28 19:03:21.276024, [WARN] Unable to simulate equation "recyclingValue". Doesn't seem like it's part of the model.
2020-06-28 19:03:21.324024, [ERROR] No simulation model containing equation "recyclingValue". Did you maybe mean one of "eolRecyclingValue, recycledeolb, totalEolValue"?
2020-06-28 19:07:22.605462, [WARN] Unable to simulate equation "recyclingValue". Doesn't seem like it's part of the model.
2020-06-28 19:07:22.650461, [ERROR] No simulation model containing equation "recyclingValue". Did you maybe mean one of "eolRecyclingValue, recycledeolb, totalEolValue"?
2020-06-28 19:13:01.954504, [WARN] Unable to simulate equation "recyclingValue". Doesn't seem like it's part of the model.
2020-06-28 19:13:02.006002, [ERROR] No simulation model containing equation "recyclingValue". Did you maybe mean one of "eolRecyclingValue, recycledeolb, totalEolValue"?
2020-06-28 19:14:57.823171, [WARN] Unable to simulate equation "recyclingValue". Doesn't seem like it's part of the model.
2020-06-28 19:14:57.870668, [ERROR] No simulation model containing equation "recyclingValue". Did you maybe mean one of "eolRecyclingValue, recycledeolb, totalEolValue"?
2020-06-28 19:16:48.644124, [WARN] Unable to simulate equation "recyclingValue". Doesn't seem like it's part of the model.
2020-06-28 19:16:48.690623, [ERROR] No simulation model containing equation "recyclingValue". Did you maybe mean one of "eolRecyclingValue, recycledeolb, totalEolValue"?
2020-06-28 19:20:03.400800, [WARN] Unable to simulate equation "recyclingValue". Doesn't seem like it's part of the model.
2020-06-28 19:20:03.448298, [ERROR] No simulation model containing equation "recyclingValue". Did you maybe mean one of "eolRecyclingValue, recycledeolb, totalEolValue"?
2020-06-28 19:22:40.960301, [WARN] Unable to simulate equation "recyclingValue". Doesn't seem like it's part of the model.
2020-06-28 19:22:41.008795, [ERROR] No simulation model containing equation "recyclingValue". Did you maybe mean one of "eolRecyclingValue, recycledeolb, totalEolValue"?
2020-06-28 19:25:07.255105, [WARN] Unable to simulate equation "recyclingValue". Doesn't seem like it's part of the model.
2020-06-28 19:25:07.305108, [ERROR] No simulation model containing equation "recyclingValue". Did you maybe mean one of "eolRecyclingValue, recycledeolb, totalEolValue"?
2020-06-28 19:27:13.379475, [WARN] Unable to simulate equation "recyclingValue". Doesn't seem like it's part of the model.
2020-06-28 19:27:13.426974, [ERROR] No simulation model containing equation "recyclingValue". Did you maybe mean one of "eolRecyclingValue, recycledeolb, totalEolValue"?
2020-06-28 19:29:20.770936, [WARN] Unable to simulate equation "recyclingValue". Doesn't seem like it's part of the model.
2020-06-28 19:29:20.817436, [ERROR] No simulation model containing equation "recyclingValue". Did you maybe mean one of "eolRecyclingValue, recycledeolb, totalEolValue"?
2020-06-28 19:30:45.494204, [WARN] Unable to simulate equation "recyclingValue". Doesn't seem like it's part of the model.
2020-06-28 19:30:45.539202, [ERROR] No simulation model containing equation "recyclingValue". Did you maybe mean one of "eolRecyclingValue, recycledeolb, totalEolValue"?
2020-06-28 19:34:15.403692, [WARN] Unable to simulate equation "recyclingValue". Doesn't seem like it's part of the model.
2020-06-28 19:34:15.453189, [ERROR] No simulation model containing equation "recyclingValue". Did you maybe mean one of "eolRecyclingValue, recycledeolb, totalEolValue"?
2020-06-28 19:37:35.212798, [WARN] The scenario manager already exists. Will not change the model. Use another name to avoid surprising errors!
2020-06-28 19:37:35.217299, [WARN] Unable to simulate equation "recyclingValue". Doesn't seem like it's part of the model.
2020-06-28 19:37:35.262798, [ERROR] No simulation model containing equation "recyclingValue". Did you maybe mean one of "eolRecyclingValue, recycledeolb, totalEolValue"?
2020-06-28 19:48:47.888087, [WARN] The scenario manager already exists. Will not change the model. Use another name to avoid surprising errors!
2020-06-28 19:48:47.891592, [WARN] Unable to simulate equation "recyclingValue". Doesn't seem like it's part of the model.
2020-06-28 19:48:47.936087, [ERROR] No simulation model containing equation "recyclingValue". Did you maybe mean one of "eolRecyclingValue, recycledeolb, totalEolValue"?
2020-06-28 19:53:27.083004, [WARN] Unable to simulate equation "recyclingValue". Doesn't seem like it's part of the model.
2020-06-28 19:53:27.133004, [ERROR] No simulation model containing equation "recyclingValue". Did you maybe mean one of "eolRecyclingValue, recycledeolb, totalEolValue"?
2020-06-28 20:09:32.557214, [WARN] The scenario manager already exists. Will not change the model. Use another name to avoid surprising errors!
2020-06-28 20:09:32.561215, [WARN] Unable to simulate equation "recyclingValue". Doesn't seem like it's part of the model.
2020-06-28 20:09:32.610715, [ERROR] No simulation model containing equation "recyclingValue". Did you maybe mean one of "eolRecyclingValue, recycledeolb, totalEolValue"?
2020-06-28 20:11:43.976504, [WARN] The scenario manager already exists. Will not change the model. Use another name to avoid surprising errors!
2020-06-28 20:11:43.980504, [WARN] Unable to simulate equation "recyclingValue". Doesn't seem like it's part of the model.
2020-06-28 20:11:44.028002, [ERROR] No simulation model containing equation "recyclingValue". Did you maybe mean one of "eolRecyclingValue, recycledeolb, totalEolValue"?
2020-07-01 16:14:24.878403, [WARN] Unable to simulate equation "recyclingValue". Doesn't seem like it's part of the model.
2020-07-01 16:14:24.921400, [ERROR] No simulation model containing equation "recyclingValue". Did you maybe mean one of "eolRecyclingValue, recycledeolb, totalEolValue"?
2020-07-02 20:10:17.169128, [WARN] Unable to simulate equation "recyclingValue". Doesn't seem like it's part of the model.
2020-07-02 20:10:17.223131, [ERROR] No simulation model containing equation "recyclingValue". Did you maybe mean one of "eolRecyclingValue, recycledeolb, totalEolValue"?
2020-07-02 21:39:19.059595, [WARN] Unable to simulate equation "recyclingValue". Doesn't seem like it's part of the model.
2020-07-02 21:39:19.107593, [ERROR] No simulation model containing equation "recyclingValue". Did you maybe mean one of "eolRecyclingValue, recycledeolb, totalEolValue"?
2020-07-02 23:40:53.300438, [WARN] Unable to simulate equation "recyclingValue". Doesn't seem like it's part of the model.
2020-07-02 23:40:53.345938, [ERROR] No simulation model containing equation "recyclingValue". Did you maybe mean one of "eolRecyclingValue, recycledeolb, totalEolValue"?
2020-07-03 01:58:35.275056, [WARN] Unable to simulate equation "recyclingValue". Doesn't seem like it's part of the model.
2020-07-03 01:58:35.320056, [ERROR] No simulation model containing equation "recyclingValue". Did you maybe mean one of "eolRecyclingValue, recycledeolb, totalEolValue"?
2020-07-03 21:15:55.065544, [WARN] Unable to simulate equation "recyclingValue". Doesn't seem like it's part of the model.
2020-07-03 21:15:55.112043, [ERROR] No simulation model containing equation "recyclingValue". Did you maybe mean one of "eolRecyclingValue, recycledeolb, totalEolValue"?
2020-07-04 02:03:27.657970, [WARN] Unable to simulate equation "recyclingValue". Doesn't seem like it's part of the model.
2020-07-04 02:03:27.702967, [ERROR] No simulation model containing equation "recyclingValue". Did you maybe mean one of "eolRecyclingValue, recycledeolb, totalEolValue"?
2020-07-05 19:08:57.306173, [INFO] New scenario manager or reset. Reading in all scenarios from storage!
2020-07-05 19:08:57.308167, [INFO] Successfully loaded all scenarios!
2020-07-05 19:10:40.257893, [INFO] New scenario manager or reset. Reading in all scenarios from storage!
2020-07-05 19:10:40.258449, [INFO] Successfully loaded all scenarios!
2020-07-05 19:34:00.576957, [WARN] Unable to simulate equation "recyclingValue". Doesn't seem like it's part of the model.
2020-07-05 19:34:00.650122, [ERROR] No simulation model containing equation "recyclingValue". Did you maybe mean one of "eolRecyclingValue, recycledeolb, totalEolValue"?
2020-07-06 21:23:41.866008, [WARN] Unable to simulate equation "recyclingValue". Doesn't seem like it's part of the model.
2020-07-06 21:23:41.909010, [ERROR] No simulation model containing equation "recyclingValue". Did you maybe mean one of "eolRecyclingValue, recycledeolb, totalEolValue"?
2020-07-07 22:26:48.829041, [WARN] Unable to simulate equation "recyclingValue". Doesn't seem like it's part of the model.
2020-07-07 22:26:48.873539, [ERROR] No simulation model containing equation "recyclingValue". Did you maybe mean one of "eolRecyclingValue, recycledeolb, totalEolValue"?
2020-07-08 05:55:06.523579, [WARN] Unable to simulate equation "recyclingValue". Doesn't seem like it's part of the model.
2020-07-08 05:55:06.574077, [ERROR] No simulation model containing equation "recyclingValue". Did you maybe mean one of "eolRecyclingValue, recycledeolb, totalEolValue"?
2020-07-08 07:21:27.240601, [WARN] The scenario manager already exists. Will not change the model. Use another name to avoid surprising errors!
2020-07-08 07:21:27.248103, [WARN] Unable to simulate equation "recyclingValue". Doesn't seem like it's part of the model.
2020-07-08 07:21:27.302601, [ERROR] No simulation model containing equation "recyclingValue". Did you maybe mean one of "eolRecyclingValue, recycledeolb, totalEolValue"?
2020-07-08 07:38:31.975494, [WARN] Unable to simulate equation "recyclingValue". Doesn't seem like it's part of the model.
2020-07-08 07:38:32.017995, [ERROR] No simulation model containing equation "recyclingValue". Did you maybe mean one of "eolRecyclingValue, recycledeolb, totalEolValue"?
2020-07-08 07:41:34.864738, [WARN] The scenario manager already exists. Will not change the model. Use another name to avoid surprising errors!
2020-07-08 07:41:34.868737, [WARN] Unable to simulate equation "recyclingValue". Doesn't seem like it's part of the model.
2020-07-08 07:41:34.915236, [ERROR] No simulation model containing equation "recyclingValue". Did you maybe mean one of "eolRecyclingValue, recycledeolb, totalEolValue"?
2020-07-08 19:48:01.561015, [WARN] Unable to simulate equation "recyclingValue". Doesn't seem like it's part of the model.
2020-07-08 19:48:01.607013, [ERROR] No simulation model containing equation "recyclingValue". Did you maybe mean one of "eolRecyclingValue, recycledeolb, totalEolValue"?
2020-07-08 19:53:55.502230, [WARN] Unable to simulate equation "recyclingValue". Doesn't seem like it's part of the model.
2020-07-08 19:53:55.547728, [ERROR] No simulation model containing equation "recyclingValue". Did you maybe mean one of "eolRecyclingValue, recycledeolb, totalEolValue"?
2020-07-08 23:56:00.118101, [WARN] Unable to simulate equation "recyclingValue". Doesn't seem like it's part of the model.
2020-07-08 23:56:00.169103, [ERROR] No simulation model containing equation "recyclingValue". Did you maybe mean one of "eolRecyclingValue, recycledeolb, totalEolValue"?
2020-07-08 23:58:42.965160, [WARN] Unable to simulate equation "recyclingValue". Doesn't seem like it's part of the model.
2020-07-08 23:58:43.016155, [ERROR] No simulation model containing equation "recyclingValue". Did you maybe mean one of "eolRecyclingValue, recycledeolb, totalEolValue"?
2020-07-09 00:04:00.958298, [WARN] Unable to simulate equation "recyclingValue". Doesn't seem like it's part of the model.
2020-07-09 00:04:01.007296, [ERROR] No simulation model containing equation "recyclingValue". Did you maybe mean one of "eolRecyclingValue, recycledeolb, totalEolValue"?
2020-07-09 01:20:33.749415, [WARN] Unable to simulate equation "recyclingValue". Doesn't seem like it's part of the model.
2020-07-09 01:20:33.800913, [ERROR] No simulation model containing equation "recyclingValue". Did you maybe mean one of "eolRecyclingValue, recycledeolb, totalEolValue"?
2020-07-09 16:47:30.398938, [WARN] Unable to simulate equation "recyclingValue". Doesn't seem like it's part of the model.
2020-07-09 16:47:30.453437, [ERROR] No simulation model containing equation "recyclingValue". Did you maybe mean one of "eolRecyclingValue, recycledeolb, totalEolValue"?
2020-07-09 16:52:06.946440, [WARN] The scenario manager already exists. Will not change the model. Use another name to avoid surprising errors!
2020-07-09 16:52:06.950941, [WARN] Unable to simulate equation "recyclingValue". Doesn't seem like it's part of the model.
2020-07-09 16:52:06.996937, [ERROR] No simulation model containing equation "recyclingValue". Did you maybe mean one of "eolRecyclingValue, recycledeolb, totalEolValue"?
2020-07-10 05:35:46.254409, [WARN] Unable to simulate equation "recyclingValue". Doesn't seem like it's part of the model.
2020-07-10 05:35:46.303908, [ERROR] No simulation model containing equation "recyclingValue". Did you maybe mean one of "eolRecyclingValue, recycledeolb, totalEolValue"?
2020-07-10 05:37:40.388609, [WARN] The scenario manager already exists. Will not change the model. Use another name to avoid surprising errors!
2020-07-10 05:37:40.396609, [WARN] Unable to simulate equation "recyclingValue". Doesn't seem like it's part of the model.
2020-07-10 05:37:40.445610, [ERROR] No simulation model containing equation "recyclingValue". Did you maybe mean one of "eolRecyclingValue, recycledeolb, totalEolValue"?
2020-07-10 05:45:14.238690, [WARN] The scenario manager already exists. Will not change the model. Use another name to avoid surprising errors!
2020-07-10 05:45:14.246691, [WARN] Unable to simulate equation "recyclingValue". Doesn't seem like it's part of the model.
2020-07-10 05:45:14.290690, [ERROR] No simulation model containing equation "recyclingValue". Did you maybe mean one of "eolRecyclingValue, recycledeolb, totalEolValue"?
2020-07-10 05:48:15.685745, [WARN] Unable to simulate equation "recyclingValue". Doesn't seem like it's part of the model.
2020-07-10 05:48:15.735244, [ERROR] No simulation model containing equation "recyclingValue". Did you maybe mean one of "eolRecyclingValue, recycledeolb, totalEolValue"?
2020-07-10 05:57:11.067306, [WARN] Unable to simulate equation "recyclingValue". Doesn't seem like it's part of the model.
2020-07-10 05:57:11.119306, [ERROR] No simulation model containing equation "recyclingValue". Did you maybe mean one of "eolRecyclingValue, recycledeolb, totalEolValue"?
2020-07-10 06:03:42.149903, [WARN] Unable to simulate equation "recyclingValue". Doesn't seem like it's part of the model.
2020-07-10 06:03:42.198403, [ERROR] No simulation model containing equation "recyclingValue". Did you maybe mean one of "eolRecyclingValue, recycledeolb, totalEolValue"?
2020-07-10 06:06:07.989598, [WARN] The scenario manager already exists. Will not change the model. Use another name to avoid surprising errors!
2020-07-10 06:06:07.993100, [WARN] Unable to simulate equation "recyclingValue". Doesn't seem like it's part of the model.
2020-07-10 06:06:08.040098, [ERROR] No simulation model containing equation "recyclingValue". Did you maybe mean one of "eolRecyclingValue, recycledeolb, totalEolValue"?
2020-07-10 06:07:45.052620, [WARN] The scenario manager already exists. Will not change the model. Use another name to avoid surprising errors!
2020-07-10 06:07:45.056121, [WARN] Unable to simulate equation "recyclingValue". Doesn't seem like it's part of the model.
2020-07-10 06:07:45.103619, [ERROR] No simulation model containing equation "recyclingValue". Did you maybe mean one of "eolRecyclingValue, recycledeolb, totalEolValue"?
2020-07-10 06:09:40.210703, [WARN] The scenario manager already exists. Will not change the model. Use another name to avoid surprising errors!
2020-07-10 06:09:40.215203, [WARN] Unable to simulate equation "recyclingValue". Doesn't seem like it's part of the model.
2020-07-10 06:09:40.262205, [ERROR] No simulation model containing equation "recyclingValue". Did you maybe mean one of "eolRecyclingValue, recycledeolb, totalEolValue"?
2020-07-10 06:19:50.016931, [WARN] The scenario manager already exists. Will not change the model. Use another name to avoid surprising errors!
2020-07-10 06:19:50.021932, [WARN] Unable to simulate equation "recyclingValue". Doesn't seem like it's part of the model.
2020-07-10 06:19:50.062430, [ERROR] No simulation model containing equation "recyclingValue". Did you maybe mean one of "eolRecyclingValue, recycledeolb, totalEolValue"?
2020-07-10 06:21:24.405455, [WARN] The scenario manager already exists. Will not change the model. Use another name to avoid surprising errors!
2020-07-10 06:21:24.409456, [WARN] Unable to simulate equation "recyclingValue". Doesn't seem like it's part of the model.
2020-07-10 06:21:24.456955, [ERROR] No simulation model containing equation "recyclingValue". Did you maybe mean one of "eolRecyclingValue, recycledeolb, totalEolValue"?
2020-07-10 06:26:14.546280, [WARN] The scenario manager already exists. Will not change the model. Use another name to avoid surprising errors!
2020-07-10 06:26:14.550778, [WARN] Unable to simulate equation "recyclingValue". Doesn't seem like it's part of the model.
2020-07-10 06:26:14.600278, [ERROR] No simulation model containing equation "recyclingValue". Did you maybe mean one of "eolRecyclingValue, recycledeolb, totalEolValue"?
2020-07-10 06:29:48.657402, [WARN] The scenario manager already exists. Will not change the model. Use another name to avoid surprising errors!
2020-07-10 06:29:48.662405, [WARN] Unable to simulate equation "recyclingValue". Doesn't seem like it's part of the model.
2020-07-10 06:29:48.711903, [ERROR] No simulation model containing equation "recyclingValue". Did you maybe mean one of "eolRecyclingValue, recycledeolb, totalEolValue"?
2020-07-10 06:31:35.059963, [WARN] The scenario manager already exists. Will not change the model. Use another name to avoid surprising errors!
2020-07-10 06:31:35.063963, [WARN] Unable to simulate equation "recyclingValue". Doesn't seem like it's part of the model.
2020-07-10 06:31:35.106466, [ERROR] No simulation model containing equation "recyclingValue". Did you maybe mean one of "eolRecyclingValue, recycledeolb, totalEolValue"?
2020-07-10 06:36:14.014053, [WARN] The scenario manager already exists. Will not change the model. Use another name to avoid surprising errors!
2020-07-10 06:36:14.026556, [WARN] Unable to simulate equation "recyclingValue". Doesn't seem like it's part of the model.
2020-07-10 06:36:14.097049, [ERROR] No simulation model containing equation "recyclingValue". Did you maybe mean one of "eolRecyclingValue, recycledeolb, totalEolValue"?
2020-07-10 06:36:19.672553, [WARN] The scenario manager already exists. Will not change the model. Use another name to avoid surprising errors!
2020-07-10 06:36:19.683551, [WARN] Unable to simulate equation "recyclingValue". Doesn't seem like it's part of the model.
2020-07-10 06:36:19.751053, [ERROR] No simulation model containing equation "recyclingValue". Did you maybe mean one of "eolRecyclingValue, recycledeolb, totalEolValue"?
2020-07-10 06:38:32.696585, [WARN] Unable to simulate equation "recyclingValue". Doesn't seem like it's part of the model.
2020-07-10 06:38:32.744086, [ERROR] No simulation model containing equation "recyclingValue". Did you maybe mean one of "eolRecyclingValue, recycledeolb, totalEolValue"?
2020-07-10 06:41:31.805396, [WARN] The scenario manager already exists. Will not change the model. Use another name to avoid surprising errors!
2020-07-10 06:41:31.813395, [WARN] Unable to simulate equation "recyclingValue". Doesn't seem like it's part of the model.
2020-07-10 06:41:31.861396, [ERROR] No simulation model containing equation "recyclingValue". Did you maybe mean one of "eolRecyclingValue, recycledeolb, totalEolValue"?
2020-07-10 06:43:01.937431, [WARN] The scenario manager already exists. Will not change the model. Use another name to avoid surprising errors!
2020-07-10 06:43:01.942431, [WARN] Unable to simulate equation "recyclingValue". Doesn't seem like it's part of the model.
2020-07-10 06:43:01.992930, [ERROR] No simulation model containing equation "recyclingValue". Did you maybe mean one of "eolRecyclingValue, recycledeolb, totalEolValue"?
2020-07-10 06:45:51.569224, [WARN] The scenario manager already exists. Will not change the model. Use another name to avoid surprising errors!
2020-07-10 06:45:51.574222, [WARN] Unable to simulate equation "recyclingValue". Doesn't seem like it's part of the model.
2020-07-10 06:45:51.624722, [ERROR] No simulation model containing equation "recyclingValue". Did you maybe mean one of "eolRecyclingValue, recycledeolb, totalEolValue"?
2020-07-10 06:54:17.285740, [WARN] The scenario manager already exists. Will not change the model. Use another name to avoid surprising errors!
2020-07-10 06:54:17.292740, [WARN] Unable to simulate equation "recyclingValue". Doesn't seem like it's part of the model.
2020-07-10 06:54:17.344240, [ERROR] No simulation model containing equation "recyclingValue". Did you maybe mean one of "eolRecyclingValue, recycledeolb, totalEolValue"?
2020-07-10 07:05:02.377296, [WARN] Unable to simulate equation "recyclingValue". Doesn't seem like it's part of the model.
2020-07-10 07:05:02.429294, [ERROR] No simulation model containing equation "recyclingValue". Did you maybe mean one of "eolRecyclingValue, recycledeolb, totalEolValue"?
2020-07-10 07:07:00.454109, [WARN] The scenario manager already exists. Will not change the model. Use another name to avoid surprising errors!
2020-07-10 07:07:00.458109, [WARN] Unable to simulate equation "recyclingValue". Doesn't seem like it's part of the model.
2020-07-10 07:07:00.507609, [ERROR] No simulation model containing equation "recyclingValue". Did you maybe mean one of "eolRecyclingValue, recycledeolb, totalEolValue"?
